[04/11/2025 16:08:01,75] "Checking environment (Git, GitHub CLI)..."
[04/11/2025 16:08:02,16] "Validating GitHub auth..."
github.com
  ✓ Logged in to github.com account bioadsl (GH_TOKEN)
  - Active account: true
  - Git operations protocol: https
  - Token: github_pat_11ACMDMIA0LTvAvAIWJ0dM_***********************************************************
[04/11/2025 16:08:02,83] "Validating workflow 'ci.yml' on bioadsl/test_frontend..."
unknown flag: --json

Usage:  gh workflow view [<workflow-id> | <workflow-name> | <filename>] [flags]

Flags:
  -r, --ref string   The branch or tag name which contains the version of the workflow file you'd like to view
  -w, --web          Open workflow in the browser
  -y, --yaml         View the workflow yaml file
  
[04/11/2025 16:08:02,99] "Workflow not found by name/file. Listing available workflows..."
E2E Tests	active	203842521
[04/11/2025 16:08:04,08] "Using first active workflow ID: 203842521 (override default)."
[04/11/2025 16:08:04,09] "Triggering workflow run on ref 'main'..."
could not create workflow dispatch event: HTTP 403: Resource not accessible by personal access token (https://api.github.com/repos/bioadsl/test_frontend/actions/workflows/203842521/dispatches)
[04/11/2025 16:08:10,69] "Status= Conclusion="
[04/11/2025 16:08:15,71] "Status= Conclusion="
[04/11/2025 16:08:20,63] "Status= Conclusion="
[04/11/2025 16:08:25,68] "Status= Conclusion="
[04/11/2025 16:08:30,73] "Status= Conclusion="
[04/11/2025 16:08:35,68] "Status= Conclusion="
[04/11/2025 16:08:35,69] "Timeout waiting for completion."
