[04/11/2025 16:07:04,19] "Checking environment (Git, GitHub CLI)..."
[04/11/2025 16:07:04,55] "Validating GitHub auth..."
github.com
  ✓ Logged in to github.com account bioadsl (GH_TOKEN)
  - Active account: true
  - Git operations protocol: https
  - Token: github_pat_11ACMDMIA0LTvAvAIWJ0dM_***********************************************************
[04/11/2025 16:07:05,47] "Validating workflow '203842521' on bioadsl/test_frontend..."
unknown flag: --json

Usage:  gh workflow view [<workflow-id> | <workflow-name> | <filename>] [flags]

Flags:
  -r, --ref string   The branch or tag name which contains the version of the workflow file you'd like to view
  -w, --web          Open workflow in the browser
  -y, --yaml         View the workflow yaml file
  
[04/11/2025 16:07:05,71] "Workflow not found by name/file. Listing available workflows..."
E2E Tests	active	203842521
[04/11/2025 16:07:06,88] "Using first active workflow ID: 203842521 (override default)."
[04/11/2025 16:07:06,89] "Triggering workflow run on ref 'main'..."
could not create workflow dispatch event: HTTP 403: Resource not accessible by personal access token (https://api.github.com/repos/bioadsl/test_frontend/actions/workflows/203842521/dispatches)
[04/11/2025 16:07:12,69] "Status= Conclusion="
[04/11/2025 16:07:17,76] "Status= Conclusion="
[04/11/2025 16:07:22,72] "Status= Conclusion="
[04/11/2025 16:07:27,67] "Status= Conclusion="
[04/11/2025 16:07:32,70] "Status= Conclusion="
[04/11/2025 16:07:37,73] "Status= Conclusion="
[04/11/2025 16:07:37,75] "Timeout waiting for completion."
