[06/11/2025 19:13:37,44] "Checking environment (Git, GitHub CLI)..."
[06/11/2025 19:13:37,95] "Validating GitHub auth..."
github.com
  ✓ Logged in to github.com account bioadsl (GH_TOKEN)
  - Active account: true
  - Git operations protocol: https
  - Token: github_pat_11ACMDMIA0LTvAvAIWJ0dM_***********************************************************
[06/11/2025 19:13:38,71] "Validating workflow 'E2E Tests' on bioadsl/test_frontend..."
unknown flag: --json

Usage:  gh workflow view [<workflow-id> | <workflow-name> | <filename>] [flags]

Flags:
  -r, --ref string   The branch or tag name which contains the version of the workflow file you'd like to view
  -w, --web          Open workflow in the browser
  -y, --yaml         View the workflow yaml file
  
[06/11/2025 19:13:38,85] "Workflow not found by name/file. Listing available workflows..."
E2E Tests	active	203842521
[06/11/2025 19:13:40,00] "Using first active workflow ID: 203842521 (override default)."
[06/11/2025 19:13:40,01] "Triggering workflow run on ref 'main'..."
could not create workflow dispatch event: HTTP 403: Resource not accessible by personal access token (https://api.github.com/repos/bioadsl/test_frontend/actions/workflows/203842521/dispatches)
[06/11/2025 19:13:41,03] "Failed to trigger workflow run. Check credentials, permissions, and inputs."
